2025-04-14T10:17:21.696Z | IP: ::1 | UUID: unknown | "개미"
2025-04-14T11:56:13.873Z | IP: ::1 | UUID: unknown | "오리너구리"
2025-04-14T12:00:32.512Z | IP: ::1 | UUID: unknown | "오리너구리"
2025-04-14T12:03:42.780Z | IP: ::1 | UUID: unknown | "오리너구리"
2025-04-14T12:12:16.344Z | IP: ::1 | UUID: unknown | "오리너구리"
2025-04-14T12:12:57.574Z | IP: ::1 | UUID: unknown | "창원시의 인구는 몇명인가요?"
2025-04-14T12:13:41.917Z | IP: ::1 | UUID: unknown | "창원시"
2025-04-14T12:16:06.240Z | IP: ::1 | UUID: unknown | "창원시"
2025-04-14T12:17:48.604Z | IP: ::1 | UUID: unknown | "이순신의 생애"
2025-04-14T12:18:31.663Z | IP: ::1 | UUID: unknown | "대한민국"
2025-04-14T12:20:53.609Z | IP: ::1 | UUID: unknown | "국민"
2025-04-14T12:26:24.734Z | IP: ::1 | UUID: unknown | "창원시"
2025-04-14T12:29:18.026Z | IP: ::1 | UUID: unknown | "울산광역시"
2025-04-16T01:14:33.938Z | IP: ::1 | UUID: unknown | "호랑이"
2025-04-16T01:15:08.984Z | IP: ::1 | UUID: unknown | "오징어게임"
2025-04-16T01:16:09.033Z | IP: ::1 | UUID: unknown | "오징어 게임"
2025-04-16T01:29:21.936Z | IP: ::1 | UUID: unknown | "오리너구리"
[2025-04-16T01:30:27.341Z] 검색: 오리너구리 | IP: ::1 | UUID: unknown
[2025-04-16T01:31:22.294Z] 검색: 오징어게임 | IP: ::1 | UUID: unknown
[2025-04-16T01:33:49.892Z] 검색: 하울의 움직이는 성 | IP: ::1 | UUID: unknown
[2025-04-16 10:35:56] 검색: 바람계곡의 나우시카 | IP: ::1 | UUID: unknown
[2025-04-16 10:36:45] 검색: 영혼기병 라젠카 | IP: ::1 | UUID: unknown
[2025-04-16 10:38:58] 검색: 바르셀로나 | IP: ::1 | UUID: unknown
[2025-04-16 10:39:17] 검색: 로마 | IP: ::1 | UUID: unknown
[2025-04-16 10:39:43] 검색: 밀라노 | IP: ::1 | UUID: unknown
[2025-04-16 10:42:05] 검색: 아테네 | IP: ::1 | UUID: unknown
[2025-04-16 10:49:41] 검색: 영화 바람 | IP: ::1 | UUID: 3b4dd0ec-6794-410f-a760-f976cb06e5ab
